<?xml version="1.0" encoding="UTF-8"?>
<!-- Generated by org.testng.reporters.JUnitXMLReporter -->
<testsuite hostname="Davenders-MacBook-Pro.local" ignored="0" name="Test" tests="6" failures="3" timestamp="2020-04-22T11:01:37 IST" time="8.79" errors="0">
  <testcase name="getWeatherDetails" time="3.779" classname="com.api.restassured.TC004_GET_JsonValidate"/>
  <testcase name="getWeatherDetails" time="1.896" classname="com.api.restassured.TC005_GET_Json_Validate1">
    <failure type="java.lang.AssertionError" message="Pass expected:&amp;lt;34 Degree celsius&amp;gt; but was:&amp;lt;30.52 Degree celsius&amp;gt;">
      <![CDATA[java.lang.AssertionError: Pass expected:<34 Degree celsius> but was:<30.52 Degree celsius>
at com.api.restassured.TC005_GET_Json_Validate1.getWeatherDetails(TC005_GET_Json_Validate1.java:41)
at java.util.ArrayList.forEach(ArrayList.java:1257)
... Removed 30 stack frames]]>
    </failure>
  </testcase> <!-- getWeatherDetails -->
  <testcase name="registerSuccess" time="0.84" classname="com.api.restassured.TC002_POST_Request">
    <failure type="java.lang.AssertionError" message="expected [201] but found [200]">
      <![CDATA[java.lang.AssertionError: expected [201] but found [200]
at com.api.restassured.TC002_POST_Request.registerSuccess(TC002_POST_Request.java:50)
at java.util.ArrayList.forEach(ArrayList.java:1257)
... Removed 32 stack frames]]>
    </failure>
  </testcase> <!-- registerSuccess -->
  <testcase name="getWeatherDetails" time="0.848" classname="com.api.restassured.TC001_GET_Request"/>
  <testcase name="getAuthDetails" time="0.776" classname="com.api.restassured.TC006_GET_Authentication"/>
  <testcase name="getGoogleMapTest" time="0.541" classname="com.api.restassured.TC003_GET_Request">
    <failure type="java.lang.AssertionError" message="expected:&amp;lt;application/xml; charset=UTF-8&amp;gt; but was:&amp;lt;application/json&amp;gt;">
      <![CDATA[java.lang.AssertionError: expected:<application/xml; charset=UTF-8> but was:<application/json>
at com.api.restassured.TC003_GET_Request.getGoogleMapTest(TC003_GET_Request.java:43)
at java.util.ArrayList.forEach(ArrayList.java:1257)
... Removed 29 stack frames]]>
    </failure>
  </testcase> <!-- getGoogleMapTest -->
</testsuite> <!-- Test -->
